<?xml version="1.0" encoding="UTF-8"?>
<coverage generated="1655602201205" clover="3.2.0">
  <project timestamp="1655602201205" name="All files">
    <metrics statements="48" coveredstatements="46" conditionals="6" coveredconditionals="3" methods="4" coveredmethods="4" elements="58" coveredelements="53" complexity="0" loc="48" ncloc="48" packages="4" files="5" classes="5"/>
    <package name="srvlss-api">
      <metrics statements="2" coveredstatements="2" conditionals="0" coveredconditionals="0" methods="0" coveredmethods="0"/>
      <file name="datasource.js" path="/home/fescala/Documents/Personal/srvlss-api/datasource.js">
        <metrics statements="2" coveredstatements="2" conditionals="0" coveredconditionals="0" methods="0" coveredmethods="0"/>
        <line num="1" count="1" type="stmt"/>
        <line num="3" count="1" type="stmt"/>
      </file>
    </package>
    <package name="srvlss-api.src.services">
      <metrics statements="25" coveredstatements="23" conditionals="4" coveredconditionals="1" methods="3" coveredmethods="3"/>
      <file name="load-data.services.js" path="/home/fescala/Documents/Personal/srvlss-api/src/services/load-data.services.js">
        <metrics statements="25" coveredstatements="23" conditionals="4" coveredconditionals="1" methods="3" coveredmethods="3"/>
        <line num="1" count="1" type="stmt"/>
        <line num="2" count="1" type="stmt"/>
        <line num="3" count="1" type="stmt"/>
        <line num="4" count="1" type="stmt"/>
        <line num="5" count="1" type="stmt"/>
        <line num="7" count="1" type="stmt"/>
        <line num="9" count="1" type="stmt"/>
        <line num="10" count="6" type="stmt"/>
        <line num="11" count="6" type="stmt"/>
        <line num="12" count="6" type="cond" truecount="1" falsecount="1"/>
        <line num="13" count="0" type="stmt"/>
        <line num="14" count="6" type="stmt"/>
        <line num="16" count="6" type="stmt"/>
        <line num="17" count="6" type="stmt"/>
        <line num="18" count="6" type="stmt"/>
        <line num="21" count="6" type="stmt"/>
        <line num="22" count="6" type="stmt"/>
        <line num="23" count="93" type="stmt"/>
        <line num="24" count="6" type="stmt"/>
        <line num="26" count="6" type="stmt"/>
        <line num="31" count="6" type="stmt"/>
        <line num="33" count="6" type="stmt"/>
        <line num="36" count="6" type="stmt"/>
        <line num="40" count="6" type="stmt"/>
        <line num="49" count="0" type="stmt"/>
      </file>
    </package>
    <package name="srvlss-api.src.utils">
      <metrics statements="14" coveredstatements="14" conditionals="2" coveredconditionals="2" methods="1" coveredmethods="1"/>
      <file name="constants.js" path="/home/fescala/Documents/Personal/srvlss-api/src/utils/constants.js">
        <metrics statements="2" coveredstatements="2" conditionals="0" coveredconditionals="0" methods="0" coveredmethods="0"/>
        <line num="1" count="1" type="stmt"/>
        <line num="10" count="1" type="stmt"/>
      </file>
      <file name="translate.js" path="/home/fescala/Documents/Personal/srvlss-api/src/utils/translate.js">
        <metrics statements="12" coveredstatements="12" conditionals="2" coveredconditionals="2" methods="1" coveredmethods="1"/>
        <line num="1" count="1" type="stmt"/>
        <line num="2" count="1" type="stmt"/>
        <line num="4" count="1" type="stmt"/>
        <line num="5" count="12" type="stmt"/>
        <line num="6" count="12" type="stmt"/>
        <line num="7" count="186" type="stmt"/>
        <line num="9" count="186" type="stmt"/>
        <line num="11" count="186" type="cond" truecount="2" falsecount="0"/>
        <line num="12" count="10" type="stmt"/>
        <line num="14" count="186" type="stmt"/>
        <line num="15" count="186" type="stmt"/>
        <line num="17" count="12" type="stmt"/>
      </file>
    </package>
    <package name="srvlss-api.test.utils">
      <metrics statements="7" coveredstatements="7" conditionals="0" coveredconditionals="0" methods="0" coveredmethods="0"/>
      <file name="mocks.js" path="/home/fescala/Documents/Personal/srvlss-api/test/utils/mocks.js">
        <metrics statements="7" coveredstatements="7" conditionals="0" coveredconditionals="0" methods="0" coveredmethods="0"/>
        <line num="1" count="1" type="stmt"/>
        <line num="10" count="1" type="stmt"/>
        <line num="71" count="1" type="stmt"/>
        <line num="101" count="1" type="stmt"/>
        <line num="135" count="1" type="stmt"/>
        <line num="165" count="1" type="stmt"/>
        <line num="190" count="1" type="stmt"/>
      </file>
    </package>
  </project>
</coverage>
