{"/home/fescala/Documents/Personal/srvlss-api/datasource.js": {"path":"/home/fescala/Documents/Personal/srvlss-api/datasource.js","statementMap":{"0":{"start":{"line":1,"column":12},"end":{"line":1,"column":30}},"1":{"start":{"line":3,"column":0},"end":{"line":3,"column":66}}},"fnMap":{},"branchMap":{},"s":{"0":1,"1":1},"f":{},"b":{},"_coverageSchema":"1a1c01bbd47fc00a2c39e90264f33305004495a9","hash":"92390f45731662473b6d3a55ff3486f9918519f4"}
,"/home/fescala/Documents/Personal/srvlss-api/src/services/load-data.services.js": {"path":"/home/fescala/Documents/Personal/srvlss-api/src/services/load-data.services.js","statementMap":{"0":{"start":{"line":1,"column":14},"end":{"line":1,"column":30}},"1":{"start":{"line":2,"column":27},"end":{"line":2,"column":54}},"2":{"start":{"line":3,"column":27},"end":{"line":3,"column":56}},"3":{"start":{"line":4,"column":28},"end":{"line":4,"column":57}},"4":{"start":{"line":5,"column":15},"end":{"line":5,"column":30}},"5":{"start":{"line":7,"column":16},"end":{"line":7,"column":40}},"6":{"start":{"line":9,"column":0},"end":{"line":56,"column":2}},"7":{"start":{"line":10,"column":2},"end":{"line":55,"column":3}},"8":{"start":{"line":11,"column":21},"end":{"line":11,"column":58}},"9":{"start":{"line":12,"column":4},"end":{"line":13,"column":67}},"10":{"start":{"line":13,"column":6},"end":{"line":13,"column":67}},"11":{"start":{"line":14,"column":24},"end":{"line":14,"column":37}},"12":{"start":{"line":16,"column":19},"end":{"line":16,"column":42}},"13":{"start":{"line":17,"column":21},"end":{"line":17,"column":50}},"14":{"start":{"line":18,"column":18},"end":{"line":18,"column":65}},"15":{"start":{"line":21,"column":4},"end":{"line":38,"column":5}},"16":{"start":{"line":22,"column":24},"end":{"line":22,"column":26}},"17":{"start":{"line":23,"column":6},"end":{"line":23,"column":79}},"18":{"start":{"line":23,"column":41},"end":{"line":23,"column":76}},"19":{"start":{"line":24,"column":6},"end":{"line":24,"column":26}},"20":{"start":{"line":26,"column":21},"end":{"line":29,"column":7}},"21":{"start":{"line":31,"column":6},"end":{"line":31,"column":36}},"22":{"start":{"line":33,"column":6},"end":{"line":37,"column":10}},"23":{"start":{"line":36,"column":10},"end":{"line":36,"column":76}},"24":{"start":{"line":40,"column":4},"end":{"line":43,"column":6}},"25":{"start":{"line":49,"column":4},"end":{"line":52,"column":6}}},"fnMap":{"0":{"name":"(anonymous_0)","decl":{"start":{"line":9,"column":28},"end":{"line":9,"column":29}},"loc":{"start":{"line":9,"column":50},"end":{"line":56,"column":1}},"line":9},"1":{"name":"(anonymous_1)","decl":{"start":{"line":23,"column":31},"end":{"line":23,"column":32}},"loc":{"start":{"line":23,"column":41},"end":{"line":23,"column":76}},"line":23},"2":{"name":"(anonymous_2)","decl":{"start":{"line":35,"column":14},"end":{"line":35,"column":15}},"loc":{"start":{"line":36,"column":10},"end":{"line":36,"column":76}},"line":36}},"branchMap":{"0":{"loc":{"start":{"line":12,"column":4},"end":{"line":13,"column":67}},"type":"if","locations":[{"start":{"line":12,"column":4},"end":{"line":13,"column":67}},{"start":{},"end":{}}],"line":12},"1":{"loc":{"start":{"line":51,"column":15},"end":{"line":51,"column":70}},"type":"binary-expr","locations":[{"start":{"line":51,"column":15},"end":{"line":51,"column":28}},{"start":{"line":51,"column":32},"end":{"line":51,"column":70}}],"line":51}},"s":{"0":1,"1":1,"2":1,"3":1,"4":1,"5":1,"6":1,"7":6,"8":6,"9":6,"10":0,"11":6,"12":6,"13":6,"14":6,"15":6,"16":6,"17":6,"18":93,"19":6,"20":6,"21":6,"22":6,"23":6,"24":6,"25":0},"f":{"0":6,"1":93,"2":6},"b":{"0":[0,6],"1":[0,0]},"_coverageSchema":"1a1c01bbd47fc00a2c39e90264f33305004495a9","hash":"42ae37b1c1f34d947ef641f675b609de712984cf"}
,"/home/fescala/Documents/Personal/srvlss-api/src/utils/constants.js": {"path":"/home/fescala/Documents/Personal/srvlss-api/src/utils/constants.js","statementMap":{"0":{"start":{"line":1,"column":0},"end":{"line":8,"column":2}},"1":{"start":{"line":10,"column":0},"end":{"line":17,"column":2}}},"fnMap":{},"branchMap":{},"s":{"0":1,"1":1},"f":{},"b":{},"_coverageSchema":"1a1c01bbd47fc00a2c39e90264f33305004495a9","hash":"dd83d88a30dac16bb19e2018828326cd2d8a7f6d"}
,"/home/fescala/Documents/Personal/srvlss-api/src/utils/translate.js": {"path":"/home/fescala/Documents/Personal/srvlss-api/src/utils/translate.js","statementMap":{"0":{"start":{"line":1,"column":18},"end":{"line":1,"column":38}},"1":{"start":{"line":2,"column":10},"end":{"line":2,"column":27}},"2":{"start":{"line":4,"column":0},"end":{"line":18,"column":2}},"3":{"start":{"line":5,"column":25},"end":{"line":5,"column":27}},"4":{"start":{"line":6,"column":2},"end":{"line":16,"column":3}},"5":{"start":{"line":7,"column":16},"end":{"line":7,"column":42}},"6":{"start":{"line":9,"column":4},"end":{"line":9,"column":67}},"7":{"start":{"line":11,"column":4},"end":{"line":12,"column":66}},"8":{"start":{"line":12,"column":6},"end":{"line":12,"column":66}},"9":{"start":{"line":14,"column":4},"end":{"line":14,"column":37}},"10":{"start":{"line":15,"column":4},"end":{"line":15,"column":45}},"11":{"start":{"line":17,"column":2},"end":{"line":17,"column":24}}},"fnMap":{"0":{"name":"(anonymous_0)","decl":{"start":{"line":4,"column":33},"end":{"line":4,"column":34}},"loc":{"start":{"line":4,"column":51},"end":{"line":18,"column":1}},"line":4}},"branchMap":{"0":{"loc":{"start":{"line":11,"column":4},"end":{"line":12,"column":66}},"type":"if","locations":[{"start":{"line":11,"column":4},"end":{"line":12,"column":66}},{"start":{},"end":{}}],"line":11}},"s":{"0":1,"1":1,"2":1,"3":12,"4":12,"5":186,"6":186,"7":186,"8":10,"9":186,"10":186,"11":12},"f":{"0":12},"b":{"0":[10,176]},"_coverageSchema":"1a1c01bbd47fc00a2c39e90264f33305004495a9","hash":"400054339206c9fd8bbe5b2e032d16f52d526e87"}
,"/home/fescala/Documents/Personal/srvlss-api/test/utils/mocks.js": {"path":"/home/fescala/Documents/Personal/srvlss-api/test/utils/mocks.js","statementMap":{"0":{"start":{"line":1,"column":0},"end":{"line":8,"column":2}},"1":{"start":{"line":10,"column":0},"end":{"line":69,"column":2}},"2":{"start":{"line":71,"column":0},"end":{"line":99,"column":2}},"3":{"start":{"line":101,"column":0},"end":{"line":133,"column":2}},"4":{"start":{"line":135,"column":0},"end":{"line":163,"column":2}},"5":{"start":{"line":165,"column":0},"end":{"line":188,"column":2}},"6":{"start":{"line":190,"column":0},"end":{"line":207,"column":2}}},"fnMap":{},"branchMap":{},"s":{"0":1,"1":1,"2":1,"3":1,"4":1,"5":1,"6":1},"f":{},"b":{},"_coverageSchema":"1a1c01bbd47fc00a2c39e90264f33305004495a9","hash":"a14d0c8601953fc71bb50a341f5f816909e2089b"}
}
