TN:
SF:datasource.js
FNF:0
FNH:0
DA:1,1
DA:3,1
LF:2
LH:2
BRF:0
BRH:0
end_of_record
TN:
SF:src/services/load-data.services.js
FN:9,(anonymous_0)
FN:23,(anonymous_1)
FN:35,(anonymous_2)
FNF:3
FNH:3
FNDA:6,(anonymous_0)
FNDA:93,(anonymous_1)
FNDA:6,(anonymous_2)
DA:1,1
DA:2,1
DA:3,1
DA:4,1
DA:5,1
DA:7,1
DA:9,1
DA:10,6
DA:11,6
DA:12,6
DA:13,0
DA:14,6
DA:16,6
DA:17,6
DA:18,6
DA:21,6
DA:22,6
DA:23,93
DA:24,6
DA:26,6
DA:31,6
DA:33,6
DA:36,6
DA:40,6
DA:49,0
LF:25
LH:23
BRDA:12,0,0,0
BRDA:12,0,1,6
BRDA:51,1,0,0
BRDA:51,1,1,0
BRF:4
BRH:1
end_of_record
TN:
SF:src/utils/constants.js
FNF:0
FNH:0
DA:1,1
DA:10,1
LF:2
LH:2
BRF:0
BRH:0
end_of_record
TN:
SF:src/utils/translate.js
FN:4,(anonymous_0)
FNF:1
FNH:1
FNDA:12,(anonymous_0)
DA:1,1
DA:2,1
DA:4,1
DA:5,12
DA:6,12
DA:7,186
DA:9,186
DA:11,186
DA:12,10
DA:14,186
DA:15,186
DA:17,12
LF:12
LH:12
BRDA:11,0,0,10
BRDA:11,0,1,176
BRF:2
BRH:2
end_of_record
TN:
SF:test/utils/mocks.js
FNF:0
FNH:0
DA:1,1
DA:10,1
DA:71,1
DA:101,1
DA:135,1
DA:165,1
DA:190,1
LF:7
LH:7
BRF:0
BRH:0
end_of_record
